<?xml version="1.0" encoding="UTF-8"?>
<!-- Generated by org.testng.reporters.JUnitReportReporter -->
<testsuite hostname="IQET-1330SMW-LX" failures="0" tests="1" name="scenarios.M8Activity_RegisterNewUser" time="36.107" errors="0" timestamp="27 Mar 2025 13:45:17 GMT">
  <testcase classname="scenarios.M8Activity_RegisterNewUser" name="navigateTestSite" time="36.107"/>
</testsuite> <!-- scenarios.M8Activity_RegisterNewUser -->
