<?xml version="1.0" encoding="UTF-8"?>
<!-- Generated by org.testng.reporters.JUnitReportReporter -->
<testsuite skipped="0" hostname="CBEN-8CLNY93-LX" name="scenarios.M7Activity_RegisterNewUser" tests="1" failures="0" timestamp="29 Jun 2021 02:56:09 GMT" time="25.665" errors="0">
  <testcase name="navigateTestSite" time="25.665" classname="scenarios.M7Activity_RegisterNewUser"/>
</testsuite> <!-- scenarios.M7Activity_RegisterNewUser -->
