<?xml version="1.0" encoding="UTF-8"?>
<!-- Generated by org.testng.reporters.JUnitReportReporter -->
<testsuite skipped="0" hostname="CBEN-8CLNY93-LX" name="scenarios.MyStore_SignInWithRegisteredUserTest" tests="1" failures="0" timestamp="28 Jun 2021 09:38:08 GMT" time="23.592" errors="0">
  <testcase name="testScenario" time="23.592" classname="scenarios.MyStore_SignInWithRegisteredUserTest"/>
</testsuite> <!-- scenarios.MyStore_SignInWithRegisteredUserTest -->
